<?xml version="1.0" encoding="UTF-8"?>
<!-- Generated by org.testng.reporters.JUnitReportReporter -->
<testsuite skipped="0" hostname="SaiShivani" name="Com.Hexa.classA6" tests="3" failures="0" timestamp="2023-04-14T19:44:56 IST" time="11.163" errors="0">
  <testcase name="Test1" time="3.235" classname="Com.Hexa.classA6"/>
  <system-out/>
  <testcase name="Test1" time="5.086" classname="Com.Hexa.classA6"/>
  <system-out/>
  <testcase name="Test1" time="2.842" classname="Com.Hexa.classA6"/>
  <system-out/>
</testsuite> <!-- Com.Hexa.classA6 -->
