<?xml version="1.0" encoding="UTF-8"?>
<!-- Generated by org.testng.reporters.JUnitReportReporter -->
<testsuite skipped="1" hostname="SaiShivani" name="Com.Hexa.classA1" tests="10" failures="0" timestamp="2023-04-10T23:58:48 IST" time="0.017" errors="0">
  <testcase name="test3" time="0.010" classname="Com.Hexa.classA1"/>
  <system-out/>
  <testcase name="test2" time="0.001" classname="Com.Hexa.classA1"/>
  <system-out/>
  <testcase name="test2" time="0.000" classname="Com.Hexa.classA1"/>
  <system-out/>
  <testcase name="test2" time="0.001" classname="Com.Hexa.classA1"/>
  <system-out/>
  <testcase name="test2" time="0.000" classname="Com.Hexa.classA1"/>
  <system-out/>
  <testcase name="test2" time="0.001" classname="Com.Hexa.classA1"/>
  <system-out/>
  <testcase name="test2" time="0.002" classname="Com.Hexa.classA1"/>
  <system-out/>
  <testcase name="test5" time="0.002" classname="Com.Hexa.classA1"/>
  <system-out/>
  <testcase name="test4" time="0.000" classname="Com.Hexa.classA1"/>
  <system-out/>
  <testcase name="test1" classname="Com.Hexa.classA1">
    <skipped/>
  </testcase> <!-- test1 -->
  <system-out/>
</testsuite> <!-- Com.Hexa.classA1 -->
