<?xml version="1.0" encoding="UTF-8"?>
<!-- Generated by org.testng.reporters.JUnitReportReporter -->
<testsuite skipped="0" hostname="SaiShivani" name="Com.Hexa.classA7" tests="6" failures="0" timestamp="2023-04-14T19:54:33 IST" time="0.087" errors="0">
  <testcase name="Test23" time="0.013" classname="Com.Hexa.classA7"/>
  <system-out/>
  <testcase name="Test24" time="0.013" classname="Com.Hexa.classA7"/>
  <system-out/>
  <testcase name="Test22" time="0.013" classname="Com.Hexa.classA7"/>
  <system-out/>
  <testcase name="Test21" time="0.017" classname="Com.Hexa.classA7"/>
  <system-out/>
  <testcase name="Test26" time="0.016" classname="Com.Hexa.classA7"/>
  <system-out/>
  <testcase name="Test25" time="0.015" classname="Com.Hexa.classA7"/>
  <system-out/>
</testsuite> <!-- Com.Hexa.classA7 -->
