<?xml version="1.0" encoding="UTF-8"?>
<!-- Generated by org.testng.reporters.JUnitReportReporter -->
<testsuite skipped="0" hostname="SaiShivani" name="Com.Hexa.classA10" tests="3" failures="0" timestamp="2023-04-15T22:36:22 IST" time="0.053" errors="0">
  <testcase name="Test22" time="0.015" classname="Com.Hexa.classA10"/>
  <system-out/>
  <testcase name="Test23" time="0.022" classname="Com.Hexa.classA10"/>
  <system-out/>
  <testcase name="Test24" time="0.016" classname="Com.Hexa.classA10"/>
  <system-out/>
</testsuite> <!-- Com.Hexa.classA10 -->
