<?xml version="1.0" encoding="UTF-8"?>
<!-- Generated by org.testng.reporters.JUnitReportReporter -->
<testsuite skipped="0" hostname="SaiShivani" name="Com.Hexa.classA2" tests="3" failures="0" timestamp="2023-04-10T23:58:48 IST" time="0.004" errors="0">
  <testcase name="Test13" time="0.001" classname="Com.Hexa.classA2"/>
  <system-out/>
  <testcase name="Test11" time="0.001" classname="Com.Hexa.classA2"/>
  <system-out/>
  <testcase name="Test12" time="0.002" classname="Com.Hexa.classA2"/>
  <system-out/>
</testsuite> <!-- Com.Hexa.classA2 -->
