<?xml version="1.0" encoding="UTF-8"?>
<!-- Generated by org.testng.reporters.JUnitReportReporter -->
<testsuite skipped="0" hostname="SaiShivani" name="Com.Hexa.BB" tests="3" failures="0" timestamp="2023-04-14T19:43:30 IST" time="0.017" errors="0">
  <testcase name="test11" time="0.013" classname="Com.Hexa.BB"/>
  <system-out/>
  <testcase name="test11" time="0.002" classname="Com.Hexa.BB"/>
  <system-out/>
  <testcase name="test11" time="0.002" classname="Com.Hexa.BB"/>
  <system-out/>
</testsuite> <!-- Com.Hexa.BB -->
