<?xml version="1.0" encoding="UTF-8"?>
<!-- Generated by org.testng.reporters.JUnitReportReporter -->
<testsuite skipped="0" hostname="SaiShivani" name="Com.Hexa.classA8" tests="1" failures="0" timestamp="2023-04-15T09:23:04 IST" time="11.043" errors="0">
  <testcase name="Test1" time="11.043" classname="Com.Hexa.classA8"/>
  <system-out/>
</testsuite> <!-- Com.Hexa.classA8 -->
