<?xml version="1.0" encoding="UTF-8"?>
<!-- Generated by org.testng.reporters.JUnitReportReporter -->
<testsuite skipped="0" hostname="SaiShivani" name="Com.Hexa.classA9" tests="3" failures="0" timestamp="2023-04-15T22:36:22 IST" time="0.045" errors="0">
  <testcase name="Test11" time="0.016" classname="Com.Hexa.classA9"/>
  <system-out/>
  <testcase name="Test13" time="0.015" classname="Com.Hexa.classA9"/>
  <system-out/>
  <testcase name="Test12" time="0.014" classname="Com.Hexa.classA9"/>
  <system-out/>
</testsuite> <!-- Com.Hexa.classA9 -->
