<?xml version="1.0" encoding="UTF-8"?>
<!-- Generated by org.testng.reporters.JUnitReportReporter -->
<testsuite skipped="0" hostname="SaiShivani" name="Com.Hexa.classA5" tests="3" failures="0" timestamp="2023-04-14T19:54:33 IST" time="0.030" errors="0">
  <testcase name="Test11" time="0.013" classname="Com.Hexa.classA5"/>
  <system-out/>
  <testcase name="Test13" time="0.007" classname="Com.Hexa.classA5"/>
  <system-out/>
  <testcase name="Test12" time="0.010" classname="Com.Hexa.classA5"/>
  <system-out/>
</testsuite> <!-- Com.Hexa.classA5 -->
